<?xml version="1.0" encoding="UTF-8"?>
<testsuite xmlns:xsi="http://www.w3.org/2001/XMLSchema-instance" xsi:noNamespaceSchemaLocation="https://maven.apache.org/surefire/maven-surefire-plugin/xsd/surefire-test-report-3.0.xsd" version="3.0" name="TestSuite" time="116.128" tests="6" errors="0" skipped="0" failures="0">
  <properties>
[...]
</properties>
  <testcase name="titleCheck" classname="CrossBrowserTestPackage.CrossBrowserTestDemo" time="13.222">
    <system-err><![CDATA[Jan 30, 2024 2:26:26 PM org.openqa.selenium.remote.tracing.opentelemetry.OpenTelemetryTracer createTracer
INFO: Using OpenTelemetry for tracing
]]></system-err>
  </testcase>
  <testcase name="titleCheck" classname="CrossBrowserTestPackage.CrossBrowserTestDemo" time="15.041"/>
  <testcase name="titleCheck" classname="CrossBrowserTestPackage.CrossBrowserTestDemo" time="1.168"/>
  <testcase name="titleCheckGoogle" classname="CrossBrowserTestPackage.CrossBrowserTestDemo2" time="10.387"/>
  <testcase name="titleCheckGoogle" classname="CrossBrowserTestPackage.CrossBrowserTestDemo2" time="22.973"/>
  <testcase name="titleCheckGoogle" classname="CrossBrowserTestPackage.CrossBrowserTestDemo2" time="93.169"/>
</testsuite>